F0: Enabled picture draw
    Change picture color to 0
F2: Enabled priority draw
    Change priority color to 15
F5: Draw X corner
    Arguments: 00, 00, 9f, a7, 00, 00
F2: Enabled priority draw
    Change priority color to 10
F7: Relative line
    Arguments: 8b, 36, 2e, b0, 1b, 3c, 0f, 2a, b9, 3e, 9e, 3c, 0c, 1e, 0a
F7: Relative line
    Arguments: 93, 06, 02, 14, 27, a3, 03, 04, 35, a2, 03, 23, 12, 22, 14, 12, a3, b3, 12, 13, 23, 12, 29, 95, a2, a9, a1, 92, 13, 12, 13, 30, 11, 13, 01
F7: Relative line
    Arguments: 7f, 50, 93, 22, 11, 03, b1, 93, b5, 39, 42, a3, 90, 03, 59, a3, a3, 92, 49, 49, 40, 3a, 2d, 14, 13, 40, 20, 9c, 32, 20, 29, ab, 0a, 99, 1c, 3c
F2: Enabled priority draw
    Change priority color to 10
F7: Relative line
    Arguments: 8b, 36, a4, a3, b3, 93, 11, 39, 20, 95, 13, a0, b1, a2, b2, 94, 21, 22, a2, a0, 94
F0: Enabled picture draw
    Change picture color to 3
F2: Enabled priority draw
    Change priority color to 8
F7: Relative line
    Arguments: 7d, 55, c1, a1, c0, aa, 2a, 3b, 2b, 1b, b0, a2, ab, bb, 3d, 2b, 39, 1a, 9c, 2c, 11, 2b, 29, 99, ab, 99, a0, a9, 3b, 39, 29, 1b, 1c, a9, 91, 1b, 2b, 1d, 1a, a9, 1d, 1d, 1d, 16, 22, 23, 12, a2, 90, 04, 12, 02, 04, 23, 22, 23, a2, a2, a9, 03, 14, 22, 03, 12
F0: Enabled picture draw
    Change picture color to 8
F2: Enabled priority draw
    Change priority color to 11
F7: Relative line
    Arguments: 3b, 2a, 31, 31, 20, 30, 39, 29, 3a, 3b, 04, 14, 14, 13, 25, 25, 14, 24, 24, 34, 34, 24, 33, a0, b2, b1, a1, a1, a1
F7: Relative line
    Arguments: 11, 4d, a3, ac, ac, 3b, 2c
F7: Relative line
    Arguments: 19, 31, 2a, 2b, 1c, 2c, 1c, 1c, 23, 22, 22, 31, 30, 30, 3a, 2a, 29, 04, 94, 94, a4, a3, 93, a4, a3, a5, b5, b6, a3, a4, b4, a3, a4, b4, ab, 9b, 9b, 2c, 2c, 2b
F0: Enabled picture draw
    Change picture color to 0
F7: Relative line
    Arguments: 39, 20, 03, 14, 14, 25, 27, 37, 35, 34, 24, 24, 34, 34, 44, 33
F0: Enabled picture draw
    Change picture color to 8
F7: Relative line
    Arguments: 0b, 49, 92, 23, 24, 11, 3b
F7: Relative line
    Arguments: 0a, 4a, 09
F7: Relative line
    Arguments: 13, 5a, 04, 24, 24, 3b, 3d, 3d, 2b, 3d, 2c, 3d, 2c, 2c, 2c, 2c, 1b, 2b, 2c, 1c
F0: Enabled picture draw
    Change picture color to 0
F6: Absolute line
    Arguments: 39, 2b, 3c, 34, 3d, 38, 3f, 3b, 3f, 3c, 41, 40, 43, 44, 46, 48, 48, 4c, 4b, 50, 4b, 51, 4f, 57, 53, 5c, 57, 60
F7: Relative line
    Arguments: 5a, 60, 91, 90, 90, b9, ba, ba, aa, ab, bc, ac, bd, be, ac, ab, ae, af
F0: Enabled picture draw
    Change picture color to 8
F7: Relative line
    Arguments: 5a, 61, 10, 4a, 4a, 3a, 19, 10, 90, 01
F0: Enabled picture draw
    Change picture color to 0
F6: Absolute line
    Arguments: 5e, 7c, 3d, 7e, 1f, 84, 1f, 78, 1e, 70, 1d, 68, 1d, 5f
F6: Absolute line
    Arguments: 1f, 84, 1b, 78, 15, 78, 11, 71, 12, 59, 13, 50, 11, 41, 0f, 32, 1a, 32
F6: Absolute line
    Arguments: 1b, 78, 1b, 71, 1b, 68, 1b, 63
F6: Absolute line
    Arguments: 15, 78, 16, 65
F6: Absolute line
    Arguments: 16, 52, 14, 33
F2: Enabled priority draw
    Change priority color to 9
F6: Absolute line
    Arguments: 0f, 54, 0f, 66, 11, 69
F2: Enabled priority draw
    Change priority color to 11
F5: Draw X corner
    Arguments: 4e, 5c, 45
F4: Draw Y corner
    Arguments: 44, 5d, 73
F5: Draw X corner
    Arguments: 45, 74, 4a
F4: Draw Y corner
    Arguments: 4b, 73, 5c
F5: Draw X corner
    Arguments: 4c, 73, 56, 62
F7: Relative line
    Arguments: 57, 74, 30, 20
F4: Draw Y corner
    Arguments: 5d, 73, 61
F6: Absolute line
    Arguments: 5f, 7c, 60, 7c, 5f, 74, 5f, 69, 61, 5f
F4: Draw Y corner
    Arguments: 49, 75, 76, 57, 74
F6: Absolute line
    Arguments: 19, 4d, 1b, 33, 1b, 32
F5: Draw X corner
    Arguments: 11, 31, 19, 30, 11
F5: Draw X corner
    Arguments: 12, 2f, 18
F0: Enabled picture draw
    Change picture color to 2
F7: Relative line
    Arguments: 2e, 80, 0c, 0d, 0c, 0c, 9c, 0c, 0b, 0c, 0d, 2b, 1a, 29, 30, 20, 20, 23, 13, 14, 04, 94, 05, 04, 96, 95, 03
F0: Enabled picture draw
    Change picture color to 2
F7: Relative line
    Arguments: 2c, 80, 0c, 0d, 9e, 0a, 0d, 0c, 9e, 1d, 1b, 1b, 2a, 2a, 0b, 0a, a9, 99, 2b, 19, 21, 11, 03, 2c, 29, 22, 02, b2, 93, 22, 21, 21, 23, 03, 14, 02, 05, 95, 05, 94, 05, 96, 10
F0: Enabled picture draw
    Change picture color to 14
F7: Relative line
    Arguments: 22, 82, 1c, aa, 2e, bc, 2d, ad, 1d, ab, 3b, 9c, 39, 0b, 09
F7: Relative line
    Arguments: 26, 52, 90, 39, 0c
F7: Relative line
    Arguments: 29, 4c, 20, 0c, 20, 0b, 29, 0b, 29, 0b, 29, 0b, 20, 0b, 20, 06, 31, 06, 42, 07, 41, 06, 39, 04, 41, 03, 20
F0: Enabled picture draw
    Change picture color to 1
F3: Disable priority draw
F7: Relative line
    Arguments: 2b, 83, 92, 51, 5b, 61, 40, 4b, ba
F0: Enabled picture draw
    Change picture color to 5
F7: Relative line
    Arguments: 2c, 87, 40, 39, 29, 21, 12, 94, b1, a0, b0, a0, b9, 0b, 1a, 20
F0: Enabled picture draw
    Change picture color to 14
F7: Relative line
    Arguments: 3a, 86, 31, 3a, 3a, 14, 23, c2, a1, b1, a9, b9, 2b, 0b
F0: Enabled picture draw
    Change picture color to 2
F7: Relative line
    Arguments: 2c, 8f, 31, 49, 49, 21, 32, a4, a1, c2, d0, a9, 9d, 0a, 19
F0: Enabled picture draw
    Change picture color to 6
F7: Relative line
    Arguments: 3c, 95, 2d, 29, 29, 3a, 20, 30, 23, 22, b2, b1, b1, c1, c0, 99
F0: Enabled picture draw
    Change picture color to 11
F7: Relative line
    Arguments: 2f, 9a, 20, 30, 20, 39, 22, 13, 23, 02, c1, d0, c9, b9, 9a, 0c, 2a
F0: Enabled picture draw
    Change picture color to 4
F7: Relative line
    Arguments: 3d, 98, 30, 30, 20, 21, 22, 22, 21, 12, a1, a9, c2, a0, b9, ac, ab, 0a
F0: Enabled picture draw
    Change picture color to 1
F7: Relative line
    Arguments: 4b, 95, 3a, 49, 21, 33, 12, 03, b1, 90, b2, a9, 99, ba, 9b, 1a
F0: Enabled picture draw
    Change picture color to 1
F0: Enabled picture draw
    Change picture color to 3
F2: Enabled priority draw
    Change priority color to 9
F7: Relative line
    Arguments: 0e, 67, a9
F7: Relative line
    Arguments: 08, 68, c9, b0
F7: Relative line
    Arguments: 01, 44, 2b, 1b, 1c, 1d, b0, a9, 0d, 20, 1c, 1b, 1c, 0b, a0, 1b, 2d, 1f, 2d, 2e, 0e
F7: Relative line
    Arguments: 0c, 05, 05, 16, 04, 25, a4, 22, 31, 04, 05, 15, 09, 0b, 0a, 0a
F7: Relative line
    Arguments: 10, 1e, 10, 99
F0: Enabled picture draw
    Change picture color to 3
F2: Enabled priority draw
    Change priority color to 6
F7: Relative line
    Arguments: 10, 1f, 10
F7: Relative line
    Arguments: 37, 1e, 3c, 1e, 1b, 0d, 17, 06, 24, 22, b2, 15, 1b, 2a, 0d, 0c, 2c, 16, 04, 13, 20, 14, 92, 32, 1b, 90, 0b, 99, 1a, 39, 2b, 2b, b0, 1c, b2, 2c, 2c, 1c, 1d, 0b, 06, 10, 17, 25, 16, 33, 93, 02, b0, 90, 13, 23, 41, 04, b2, 23, 23, 06, c0, 03, 03
F0: Enabled picture draw
    Change picture color to 2
F3: Disable priority draw
F7: Relative line
    Arguments: 5a, 23, 50, 60, 50, 39, 19, 1a, ab, 1b, 20, 2b, 0a, b9, 2d, 1d, 2d, 0b
F7: Relative line
    Arguments: 75, 04, 14, 15, 91, 24, 23, 23, a2, 03, 14, 22, 10
F7: Relative line
    Arguments: 98, 23, 60
F7: Relative line
    Arguments: 13, 23, 2e, 1f, 17, 11, 2b, 1f, 0a, 04, 25, 23, 3f, 19, 0a, 27, 1e, 1b, 1d, 06, 25, 24, 2f, 1c, 1d, 1e, 04, 17, 26, b0, 57
F5: Draw X corner
    Arguments: 05, 23, 01
F5: Draw X corner
    Arguments: 04, 28, 01
F5: Draw X corner
    Arguments: 14, 28, 1d
F5: Draw X corner
    Arguments: 5a, 28, 77
F5: Draw X corner
    Arguments: 97, 28, 9e
F5: Draw X corner
    Arguments: 8a, 28, 8d
F0: Enabled picture draw
    Change picture color to 8
F7: Relative line
    Arguments: 5a, 1c, 2a, 30, 4a, 9a, 29, 0a, a1, 2d, 1d, 13, 24, 02
F7: Relative line
    Arguments: 67, 14, 15, 39, 1b, 1b, 1c, 1d, 14
F7: Relative line
    Arguments: 7c, 19, 21
F7: Relative line
    Arguments: 89, 1e, 31
F7: Relative line
    Arguments: 97, 20, 51, 21
F7: Relative line
    Arguments: 49, 22, 90
F0: Enabled picture draw
    Change picture color to 9
F5: Draw X corner
    Arguments: 01, 12, 07
F5: Draw X corner
    Arguments: 0e, 12, 26
F5: Draw X corner
    Arguments: 29, 12, 2e
F5: Draw X corner
    Arguments: 33, 12, 3b
F5: Draw X corner
    Arguments: 3e, 12, 4e
F5: Draw X corner
    Arguments: 57, 12, 62
F5: Draw X corner
    Arguments: 68, 12, 6c
F5: Draw X corner
    Arguments: 79, 12, 80
F5: Draw X corner
    Arguments: 87, 12, 8f
F5: Draw X corner
    Arguments: 97, 12, 9e
F0: Enabled picture draw
    Change picture color to 8
F2: Enabled priority draw
    Change priority color to 0
F6: Absolute line
    Arguments: 08, 6c, 16, 95, 2b, 94
F6: Absolute line
    Arguments: 4e, 8f, 7d, 83
F6: Absolute line
    Arguments: 60, 70, 70, 7a
F2: Enabled priority draw
    Change priority color to 9
F7: Relative line
    Arguments: 08, 6c, 1f, 19, 12, 04, 07
F7: Relative line
    Arguments: 0c, 69, 19, 12, 06, 04, 07
F2: Enabled priority draw
    Change priority color to 12
F7: Relative line
    Arguments: 0f, 73, 19, 14, 04, 03, 93, 04
F7: Relative line
    Arguments: 12, 7b, 19, 11, 03, 05, 05, 05
F2: Enabled priority draw
    Change priority color to 13
F7: Relative line
    Arguments: 15, 81, 22, 04, 05, 05, 03
F7: Relative line
    Arguments: 18, 87, 19, 10, 22, 05, 05, 02
F7: Relative line
    Arguments: 1c, 89, 2a, 19, 12, 04, 15, 03
F7: Relative line
    Arguments: 21, 8a, 2c, 24, 05, 05
F7: Relative line
    Arguments: 26, 8a, 2a, 24, 15, 03
F7: Relative line
    Arguments: 4e, 8f, 0f, 2e, 10, 22, 03, 06
F7: Relative line
    Arguments: 54, 83, 2a, 23, 04, 03
F7: Relative line
    Arguments: 59, 83, 2b, 21, 07, 02
F7: Relative line
    Arguments: 5e, 80, 2a, 21, 11, 06, 03
F2: Enabled priority draw
    Change priority color to 12
F7: Relative line
    Arguments: 64, 7f, 2a, 21, 15, 04
F7: Relative line
    Arguments: 69, 7f, 2b, 10, 22, 05, 03
F7: Relative line
    Arguments: 6f, 7d, 1b, 19, 22, 04, 07
F7: Relative line
    Arguments: 74, 7a, 2b, 22, 06, 04
F7: Relative line
    Arguments: 79, 78, 1b, 23, 13, 07
F2: Enabled priority draw
    Change priority color to 10
F7: Relative line
    Arguments: 60, 67, 29, 23, 07, 02
F7: Relative line
    Arguments: 65, 68, 19, 10, 12, 02, 05, 04
F7: Relative line
    Arguments: 69, 6c, 2a, 24, 02, 07
F2: Enabled priority draw
    Change priority color to 11
F7: Relative line
    Arguments: 6e, 70, 1a, 29, 13, 13, 05
F7: Relative line
    Arguments: 73, 72, 2a, 22, 04
F7: Relative line
    Arguments: 78, 72, 10, 09, 10, 13, 02
F1: Disable picture draw
F8: Fill
    Arguments: 11, 57, 14, 49, 17, 47, 13, 6d, 17, 6f, 1d, 76, 25, 81, 50, 75, 70, 75, 75, 75, 78, 75
F2: Enabled priority draw
    Change priority color to 12
F8: Fill
    Arguments: 7b, 80, 75, 80, 71, 80, 6c, 80, 66, 80, 12, 84, 16, 8a
F2: Enabled priority draw
    Change priority color to 13
F8: Fill
    Arguments: 19, 8e, 1e, 8e, 23, 8e, 28, 8e, 51, 89, 55, 89, 5a, 89, 60, 86
F2: Enabled priority draw
    Change priority color to 9
F8: Fill
    Arguments: 0a, 6a, 0c, 6f, 0f, 78
F0: Enabled picture draw
    Change picture color to 2
F2: Enabled priority draw
    Change priority color to 11
F8: Fill
    Arguments: 2d, 80, 3b, 7b
F0: Enabled picture draw
    Change picture color to 14
F8: Fill
    Arguments: 26, 51, 2d, 44, 2f, 40, 30, 3e, 31, 3c
F8: Fill
    Arguments: 21, 81, 23, 57, 27, 50, 2a, 4b, 2c, 46, 2e, 43, 30, 3f, 32, 3b, 36, 35, 38, 3b, 3b, 42, 40, 4a, 44, 50, 46, 55, 4a, 59
F0: Enabled picture draw
    Change picture color to 6
F8: Fill
    Arguments: 48, 6b, 5b, 6b, 0f, 51, 14, 5e, 15, 60, 16, 62, 1a, 61, 32, 35, 35, 30, 36, 2c, 37, 2b, 38, 28, 3b, 2f, 3d, 33, 3e, 36, 3e, 38, 40, 3c, 41, 3d, 41, 3e, 42, 40, 43, 41, 43, 42, 44, 44, 45, 45, 47, 48, 49, 4b, 4a, 4d, 4b, 4f, 4c, 50, 4d, 52, 53, 5a, 48, 51, 54, 5f, 5d, 5f, 66, 5a, 64, 5b, 0b, 4a, 0c, 4c, 0d, 4e, 0e, 50, 62, 5c, 60, 5d, 5e, 5e, 5b, 60
F0: Enabled picture draw
    Change picture color to 4
F8: Fill
    Arguments: 0f, 49, 1e, 39, 4b, 3c
F0: Enabled picture draw
    Change picture color to 3
F2: Enabled priority draw
    Change priority color to 10
F8: Fill
    Arguments: 91, 5e, 7f, 6f
F2: Enabled priority draw
    Change priority color to 8
F8: Fill
    Arguments: 77, 54
F2: Enabled priority draw
    Change priority color to 6
F8: Fill
    Arguments: 3b, 1f, 42, 27, 57, 31, 4f, 15
F0: Enabled picture draw
    Change picture color to 0
F2: Enabled priority draw
    Change priority color to 11
F8: Fill
    Arguments: 50, 69
F0: Enabled picture draw
    Change picture color to 3
F2: Enabled priority draw
    Change priority color to 9
F8: Fill
    Arguments: 02, 62
F0: Enabled picture draw
    Change picture color to 6
F2: Enabled priority draw
    Change priority color to 11
F8: Fill
    Arguments: 31, 38, 36, 2d, 3f, 39, 48, 49, 56, 60
F3: Disable priority draw
F0: Enabled picture draw
    Change picture color to 2
F8: Fill
    Arguments: 03, 25, 18, 24, 40, 21, 4a, 26, 5c, 27, 8d, 27, 9a, 26
F0: Enabled picture draw
    Change picture color to 8
F8: Fill
    Arguments: 62, 1c, 7d, 20, 8a, 1f, 8d, 21, 9a, 22, 63, 13
F0: Enabled picture draw
    Change picture color to 1
F8: Fill
    Arguments: 03, 0a, 16, 09, 7d, 08, 8a, 05
F0: Enabled picture draw
    Change picture color to 9
F8: Fill
    Arguments: 04, 19, 11, 16, 1f, 18, 2b, 16, 37, 1a, 3f, 18, 5c, 17, 6a, 15, 7e, 16, 8b, 18, 99, 1b
F0: Enabled picture draw
    Change picture color to 10
F8: Fill
    Arguments: 3b, 8f, 31, 86, 38, 8b, 39, 85, 3c, 93, 2f, 8f, 44, 8c, 48, 84, 4c, 93, 0c, 67, 0f, 6c, 19, 7d, 02, 2b, 02, 3a, 17, 2b, 8a, 2b, 8b, 32, 6e, 36, 9c, 2c, 9c, 4e, 02, a5, 40, 8e, 42, 8d, 11, 72
F0: Enabled picture draw
    Change picture color to 6
F8: Fill
    Arguments: 09, 6c, 0d, 73, 10, 7b, 12, 85
F8: Fill
    Arguments: 16, 8e, 19, 8f, 1e, 91, 22, 8d, 28, 90
F8: Fill
    Arguments: 50, 8b, 55, 8a, 59, 88, 60, 85, 66, 84, 6b, 83, 70, 82, 76, 80, 7b, 7e
F0: Enabled picture draw
    Change picture color to 6
F8: Fill
    Arguments: 79, 75, 75, 75, 70, 76
F2: Enabled priority draw
    Change priority color to 10
F8: Fill
    Arguments: 6b, 73, 66, 6f, 61, 6d
F0: Enabled picture draw
    Change picture color to 1
F3: Disable priority draw
F8: Fill
    Arguments: 3c, 81, 53, 9b
F0: Enabled picture draw
    Change picture color to 5
F8: Fill
    Arguments: 33, 8b
F0: Enabled picture draw
    Change picture color to 14
F8: Fill
    Arguments: 3f, 8b
F0: Enabled picture draw
    Change picture color to 2
F8: Fill
    Arguments: 32, 95
F0: Enabled picture draw
    Change picture color to 6
F8: Fill
    Arguments: 45, 91
F0: Enabled picture draw
    Change picture color to 11
F8: Fill
    Arguments: 36, 9e
F0: Enabled picture draw
    Change picture color to 4
F8: Fill
    Arguments: 44, 9c
F0: Enabled picture draw
    Change picture color to 8
F4: Draw Y corner
    Arguments: 45, 73, 5d, 4a
F4: Draw Y corner
    Arguments: 57, 62, 73
F5: Draw X corner
    Arguments: 46, 69, 4a
F5: Draw X corner
    Arguments: 58, 69, 5c
F5: Draw X corner
    Arguments: 4c, 68, 55
F4: Draw Y corner
    Arguments: 55, 60, 72
F4: Draw Y corner
    Arguments: 50, 5e, 72
F0: Enabled picture draw
    Change picture color to 7
F5: Draw X corner
    Arguments: 4c, 69, 54
F0: Enabled picture draw
    Change picture color to 8
F7: Relative line
    Arguments: 47, 5f, 01
F7: Relative line
    Arguments: 49, 5f, 01
F7: Relative line
    Arguments: 47, 67, 09
F7: Relative line
    Arguments: 49, 66, 01
F7: Relative line
    Arguments: 47, 6b, 01
F7: Relative line
    Arguments: 49, 6b, 01
F7: Relative line
    Arguments: 47, 72, 09
F7: Relative line
    Arguments: 49, 72, 09
F7: Relative line
    Arguments: 59, 67, 09
F7: Relative line
    Arguments: 5b, 67, 09
F7: Relative line
    Arguments: 59, 6b, 01
F7: Relative line
    Arguments: 5b, 6b, 01
F7: Relative line
    Arguments: 59, 72, 09
F7: Relative line
    Arguments: 5b, 72, 09
F0: Enabled picture draw
    Change picture color to 7
F7: Relative line
    Arguments: 20, 27, 2a, 2b
F7: Relative line
    Arguments: 26, 25, 14, 12, 39, 2a
F7: Relative line
    Arguments: 2f, 27, 14, 31, 2d
F7: Relative line
    Arguments: 21, 28, 06, 30, 2b
F7: Relative line
    Arguments: 29, 2d, 03, 13, 3a, 2a
F7: Relative line
    Arguments: 26, 2f, 95, 12, 2a, 05, 4a, 3b
F7: Relative line
    Arguments: 1d, 2f, 39, 94, 04, 21, 2a, 93, a2, 04, 03, 30, 2a, 2a, 93, 22, 2a
F7: Relative line
    Arguments: 1b, 43, 14, 4a, 17, 4b
F7: Relative line
    Arguments: 1c, 3b, 14, 29
F7: Relative line
    Arguments: 1a, 4e, 15, 39, 4b
F7: Relative line
    Arguments: 16, 55, 94, 21, 2c, 96, 3a
F7: Relative line
    Arguments: 0f, 46, 03, 12
F1: Disable picture draw
F2: Enabled priority draw
    Change priority color to 11
F8: Fill
    Arguments: 18, 73
F0: Enabled picture draw
    Change picture color to 7
F3: Disable priority draw
F7: Relative line
    Arguments: 3e, 2f, 25, 22, 2b, 0d
F7: Relative line
    Arguments: 44, 35, 24, 21, 1d, 9d, 24, 31, 1b, 0e
F7: Relative line
    Arguments: 42, 3c, 35, 31, 0d
F7: Relative line
    Arguments: 4a, 3c, 32, 29, 0b, 0d, 24, 23, 1b
F7: Relative line
    Arguments: 49, 46, 09, 35, 2a, 9c, 0a, 22, 20, 9d, 34, 21, 2a, 0c
F7: Relative line
    Arguments: 4d, 4d, 36, 2a, 0d, 32, 30, 0d, 34, 1a
F7: Relative line
    Arguments: 54, 56, 32, 39, 0c, 54, 39, 0c
F0: Enabled picture draw
    Change picture color to 8
F7: Relative line
    Arguments: 19, 8a, 01
F7: Relative line
    Arguments: 1b, 8c, 01
F7: Relative line
    Arguments: 18, 92, 09
F7: Relative line
    Arguments: 1f, 8c, 09
F7: Relative line
    Arguments: 1d, 93, 09
F7: Relative line
    Arguments: 23, 8e, 09
F7: Relative line
    Arguments: 28, 8c, 01
F7: Relative line
    Arguments: 29, 92, 01
F7: Relative line
    Arguments: 15, 86, 01
F7: Relative line
    Arguments: 15, 8d, 09
F7: Relative line
    Arguments: 11, 81, 09
F7: Relative line
    Arguments: 13, 7d, 01
F7: Relative line
    Arguments: 0e, 78, 19
F7: Relative line
    Arguments: 51, 8c, 99
F7: Relative line
    Arguments: 51, 88, 09
F7: Relative line
    Arguments: 55, 87, 01
F7: Relative line
    Arguments: 5c, 86, 09
F7: Relative line
    Arguments: 5a, 89, 09
F7: Relative line
    Arguments: 61, 80, 01
F7: Relative line
    Arguments: 5f, 86, 10, 01
F7: Relative line
    Arguments: 66, 83, 09
F7: Relative line
    Arguments: 6c, 7f, 09
F7: Relative line
    Arguments: 6d, 82, 01
F7: Relative line
    Arguments: 71, 7e, 09
F7: Relative line
    Arguments: 71, 82, 09
F7: Relative line
    Arguments: 75, 81, 09
F7: Relative line
    Arguments: 77, 81, 09
F7: Relative line
    Arguments: 76, 7b, 09
F7: Relative line
    Arguments: 7a, 7a, 09
F7: Relative line
    Arguments: 7b, 7e, 09
F0: Enabled picture draw
    Change picture color to 11
F6: Absolute line
    Arguments: 84, 66, 89, 59, 8d, 68, 90, 55, 96, 61, 98, 59, 99, 57, 9e, 5c
F6: Absolute line
    Arguments: 85, 54, 89, 4d, 8c, 51, 91, 41, 95, 47, 96, 3f, 9c, 45
F6: Absolute line
    Arguments: 8a, 3b, 91, 2d, 92, 35, 94, 2d, 99, 35
F6: Absolute line
    Arguments: 96, 22, 92, 1a, 8f, 1e
F6: Absolute line
    Arguments: 92, 17, 93, 0a
F0: Enabled picture draw
    Change picture color to 6
F2: Enabled priority draw
    Change priority color to 10
F8: Fill
    Arguments: 35, 6b
F2: Enabled priority draw
    Change priority color to 0
F1: Disable picture draw
F6: Absolute line
    Arguments: 70, 55, 7b, 57, 88, 56, 91, 53, 90, 51, 88, 4d, 7d, 4c, 73, 51, 70, 55
F5: Draw X corner
    Arguments: 5a, 3c, 5e, 40, 37, 3c, 5a
F7: Relative line
    Arguments: 70, 54
F6: Absolute line
    Arguments: 2b, 94, 16, 95, 08, 6c, 08, 68, 03, 67, 01, 67, 01, 60, 49, 60, 7d, 83, 4e, 8f
F6: Absolute line
    Arguments: 0c, 77, 14, 77, 15, 78, 1b, 78, 1f, 84, 2b, 82, 2e, 81
F6: Absolute line
    Arguments: 3a, 7e, 60, 7c, 60, 78, 56, 78, 50, 6e, 50, 6a, 57, 6a
F6: Absolute line
    Arguments: 7e, 70, 8d, 6d, 9e, 6e, 9e, 67, 83, 67, 7b, 6c, 7e, 6f
F6: Absolute line
    Arguments: 11, 78, 11, 83, 17, 83, 17, 90, 2b, 90, 2b, 93
F5: Draw X corner
    Arguments: 4e, 8f, 63, 84, 7d, 7a, 7c, 78, 6d, 6c, 5c
F4: Draw Y corner
    Arguments: 9b, 6e, 67, 97, 6d, 93, 67, 8f, 6d, 8b, 67, 87, 6e, 83, 67
F4: Draw Y corner
    Arguments: 05, 66, 60, 09, 6f
F4: Draw Y corner
    Arguments: 0d, 77, 60, 11, 76, 15, 60
F5: Draw X corner
    Arguments: 15, 77, 19, 60, 1d, 7f
F4: Draw Y corner
    Arguments: 22, 83, 60, 26, 82
F4: Draw Y corner
    Arguments: 15, 84, 90
F2: Enabled priority draw
    Change priority color to 1
F6: Absolute line
    Arguments: 2f, 81, 3a, 7f
F2: Enabled priority draw
    Change priority color to 0
F6: Absolute line
    Arguments: 3a, 7e, 3a, 7f, 45, 7f, 45, 7d
FF: End of file
