F0: Enabled picture draw
    Change picture color to 0
F2: Enabled priority draw
    Change priority color to 15
F5: Draw X corner
    Arguments: 00, 00, 9f, a7, 00, 00
F0: Enabled picture draw
    Change picture color to 2
F2: Enabled priority draw
    Change priority color to 13
F7: Relative line
    Arguments: 01, 90, 20, 20, 11, 22, 30, 9a, 29, 22, 2a, 12, 20, 20, 0a, 10, 12, 39, 31, 2a, 03, 4a, 3a, 20, 94, 4b, 30, 04, 3a, 1a, 53, 2b, 20
F7: Relative line
    Arguments: 49, 90, 32, 21, 20, 1a, 20, 19, 11, 10, 29, 21, 19
F7: Relative line
    Arguments: 02, 8f, 0a, 3b, 2c, b1, a0, 2d, 0d, 2c, 2b, 1b, 0f, 07, 13, 14, 13, 14, 05, 03, 3f, 0e, 1e, 14, 04, 02, 13, 04, 14, 90, 13, 2c, 9c, 2b, 29, 2c, aa, 0c, 29, 0d, 1b, 0c, 22, 03, 14, 13, 22, 04, 14, 16, 11, 21, 20, 4a, 30, 02, 49, 40, a2, 22, 32, 01
F7: Relative line
    Arguments: 48, 8f, 2d, 9b, 1c, 39, 9c, 0d, 0b, 2a, 0b, 1b, 9a, 1a, 09, 16, 16, 05, 22, 2b, 0e, 1c, 06, 07, 05, 13, 04, 15, 32
F6: Absolute line
    Arguments: 34, 6f, 39, 5d, 3a, 62, 34, 6f, 38, 6c, 3c, 6d, 3c, 6f, 35, 70, 39, 79, 38, 7b, 35, 70, 2e, 79, 31, 71, 34, 6f, 29, 6b, 2d, 67, 34, 6f, 30, 61, 33, 61, 35, 70, 36, 6e, 36, 6d, 35, 6c
F0: Enabled picture draw
    Change picture color to 10
F7: Relative line
    Arguments: 53, 7d, 05, 15, 16, 03
F7: Relative line
    Arguments: 26, 8a, c9, 22, a2, a5
F7: Relative line
    Arguments: 15, 8d, 94
F7: Relative line
    Arguments: 0d, 85, 15, 06, 01
F0: Enabled picture draw
    Change picture color to 0
F2: Enabled priority draw
    Change priority color to 11
F7: Relative line
    Arguments: 66, 01, 94, 32, 03, 02, b9, 92, 14, 02, 29, 12, 29, 13, a1, 02, b1, 14, 30, 2c, 20, 03, a2, 93, 13, b0, a2, 13, 33, 3a, 2b, 95, 15, 93, 15, 2c, 0d, 1a, 15, 13, 1e, 1b, 22, 13, 11, 2d, 1b, 0b, 0a, 2a, 9c, af, 36, 1e, 9a, 33, 11, 39, 1b, 13, 12, 29, 1b, 11, 0c, 0b, 0b, 0a, 20, 10, 13, 23, 29, 95, 96, 02, 2b, 20, 03, 16, 93, 06, 01, 10, 2c, 12, 14, 95, a1, 04, 13, 11, 11, 13
F6: Absolute line
    Arguments: 77, 30, 7a, 3a, 79, 3c, 7c, 43, 7c, 45, 85, 5e, 86, 7e, 89, 7f, 8d, 7d
F6: Absolute line
    Arguments: 84, 1d, 85, 20, 85, 2c, 84, 45, 87, 51, 87, 56
F6: Absolute line
    Arguments: 8a, 1e, 8e, 25, 8e, 38, 8c, 3c, 8a, 53
F0: Enabled picture draw
    Change picture color to 6
F6: Absolute line
    Arguments: 7e, 2e, 7e, 37, 7d, 3d, 82, 4b, 87, 56
F6: Absolute line
    Arguments: 88, 1b, 87, 41, 8a, 53
F6: Absolute line
    Arguments: 8c, 1d, 8f, 23, 93, 14
F6: Absolute line
    Arguments: 93, 15, 90, 26, 8f, 39, 8f, 42, 97, 35, 97, 2e
F6: Absolute line
    Arguments: 99, 31, 9a, 34, 8f, 47, 8c, 55, 8d, 5a, 8b, 5f, 8c, 6b, 8d, 7c
F0: Enabled picture draw
    Change picture color to 0
F7: Relative line
    Arguments: 71, 39, 2c, 14, 35, 2d
F7: Relative line
    Arguments: 7f, 3f, 1c, 27, 1e, 1b
F7: Relative line
    Arguments: 88, 38, 17, 4f
F7: Relative line
    Arguments: 93, 42, 25, 1d, 2b, 25, 2a
F0: Enabled picture draw
    Change picture color to 8
F2: Enabled priority draw
    Change priority color to 13
F7: Relative line
    Arguments: 01, 35, 50, 1a
F7: Relative line
    Arguments: 0f, 2a, 15, 94, 13, 40, 40, 20, 1a
F7: Relative line
    Arguments: 24, 2a, 05, 04, 23, 50, 29, 2a
F7: Relative line
    Arguments: 3d, 29, d1, 91, 04, 16, 31, 49, 20, 1b, 0d, 0b, d9
F0: Enabled picture draw
    Change picture color to 0
F6: Absolute line
    Arguments: 39, 29, 39, 23, 33, 18, 33, 07, 33, 07, 34, 07, 34, 0f
F5: Draw X corner
    Arguments: 08, 30, 0b, 2c, 0e
F5: Draw X corner
    Arguments: 1c, 31, 1f, 2c, 23
F5: Draw X corner
    Arguments: 31, 31, 32, 2c, 36
F7: Relative line
    Arguments: 4b, 2f, 21, 11, 06, 10, 07, 01, 92, 06, 11, 04, 10, 06, c0, c0, 90, 0d, 09, 20, 30, 30
F0: Enabled picture draw
    Change picture color to 8
F7: Relative line
    Arguments: 34, 10, 10, 0e, 0c, 40, 05, 05, 30, 30, 0d, 0b, 2a
F7: Relative line
    Arguments: 47, 10, 30, 30, 0f, 0b
F7: Relative line
    Arguments: 55, 10, 30, 30, 0c, 0c, 0a
F6: Absolute line
    Arguments: 5e, 06, 5e, 18, 58, 22
F7: Relative line
    Arguments: 58, 23, 05, 07, a1, 07, 02, 91, 06, 10, 07, 01, 90, 05, 13, 10, 06, 14, 96, 12, 96, 15, 94, 13, 04, 06, 03, 14, 04, 04
F7: Relative line
    Arguments: 4a, 2f, a2, 94, 14, 94, 17, 93, 14
F7: Relative line
    Arguments: 3b, 8e, 20, 20
F7: Relative line
    Arguments: 40, 8f, 31, 41, 20
F0: Enabled picture draw
    Change picture color to 7
F7: Relative line
    Arguments: 07, 32, 0c, 0c, 99, b0, a0
F7: Relative line
    Arguments: 10, 29, 49, 30, 31, 11, 04, 02, 03
F7: Relative line
    Arguments: 25, 29, 49, 61, 06, 03
F7: Relative line
    Arguments: 3a, 06, 10, 05, 05
F7: Relative line
    Arguments: 42, 06, 30, 10, 12, 04, 03
F7: Relative line
    Arguments: 4c, 0f, 0d, 0a, 0a
F7: Relative line
    Arguments: 4e, 06, 30, 20, 23, 06
F7: Relative line
    Arguments: 58, 0f, 0c, 0b, 1a, 10
F7: Relative line
    Arguments: 5c, 06, 10
F0: Enabled picture draw
    Change picture color to 0
F7: Relative line
    Arguments: 56, 4d, 40, 01, 05, a0
F7: Relative line
    Arguments: 3c, 0d, 10, 0b, 10
F7: Relative line
    Arguments: 48, 0e, 10, 0b, 20
F7: Relative line
    Arguments: 57, 0a, 90
F7: Relative line
    Arguments: 30, 31, 10
F5: Draw X corner
    Arguments: 08, 33, 0e
F5: Draw X corner
    Arguments: 1c, 33, 23
F5: Draw X corner
    Arguments: 30, 33, 37
F0: Enabled picture draw
    Change picture color to 8
F7: Relative line
    Arguments: 07, 40, 92, 12, 01
F7: Relative line
    Arguments: 08, 44, 50, 50, 10, 01
F7: Relative line
    Arguments: 14, 43, 09, 99, 09
F7: Relative line
    Arguments: 18, 40, 01, 91, 01, 11, 01
F7: Relative line
    Arguments: 19, 44, 40, 50, 00, 20, 01
F7: Relative line
    Arguments: 25, 43, 09, 99, 09
F0: Enabled picture draw
    Change picture color to 14
F5: Draw X corner
    Arguments: 07, 43, 13, 42, 07
F5: Draw X corner
    Arguments: 18, 43, 24, 42, 18
F7: Relative line
    Arguments: 08, 42, 09
F7: Relative line
    Arguments: 12, 42, 09
F7: Relative line
    Arguments: 19, 42, 09
F7: Relative line
    Arguments: 23, 41, 01
F7: Relative line
    Arguments: 07, 41
F0: Enabled picture draw
    Change picture color to 8
F7: Relative line
    Arguments: 02, 40, 01, 11, 01, 91, 01
F7: Relative line
    Arguments: 01, 44
F0: Enabled picture draw
    Change picture color to 14
F7: Relative line
    Arguments: 02, 43, 09, 90, 01, 0a
F0: Enabled picture draw
    Change picture color to 0
F6: Absolute line
    Arguments: 08, 45, 08, 58, 0d, 64, 12, 59, 12, 45
F6: Absolute line
    Arguments: 19, 45, 19, 58, 1e, 64, 23, 5a, 23, 45
F0: Enabled picture draw
    Change picture color to 14
F6: Absolute line
    Arguments: 11, 45, 09, 51
F6: Absolute line
    Arguments: 11, 4d, 09, 58
F0: Enabled picture draw
    Change picture color to 7
F6: Absolute line
    Arguments: 1e, 4b, 1b, 50, 1e, 55, 21, 51
F6: Absolute line
    Arguments: 21, 51, 1e, 4c
F0: Enabled picture draw
    Change picture color to 10
F3: Disable priority draw
F7: Relative line
    Arguments: 59, 27, 40, 59, 5a, 3b, 00
F0: Enabled picture draw
    Change picture color to 2
F7: Relative line
    Arguments: 01, 1f, 2a, 21, 29, 1a, 9b, 9d, 1d, 1d, 1c, 1a, 0a
F7: Relative line
    Arguments: 10, 01, 14, 03, 04, 05, 16, 04, 21, 1b, 2c, 19, 0e, 2c, 9b, aa, 1c
F7: Relative line
    Arguments: 22, 01, 13, 33, 93, b9, 93, a0, 96, 12, 06, 02, 22, 23, 20, 1d, 20, 12, 29, 13, 1b, 1d, 20, 23, 92, 22, 14, 1a, 20
F5: Draw X corner
    Arguments: 59, 23, 67
F0: Enabled picture draw
    Change picture color to 9
F5: Draw X corner
    Arguments: 01, 12, 05
F5: Draw X corner
    Arguments: 12, 12, 17
F5: Draw X corner
    Arguments: 1f, 12, 32
F5: Draw X corner
    Arguments: 5f, 12, 64
F0: Enabled picture draw
    Change picture color to 6
F2: Enabled priority draw
    Change priority color to 13
F7: Relative line
    Arguments: 34, 72, 07, 96, 05, 93
F7: Relative line
    Arguments: 35, 7c, 05, 04, 12
F0: Enabled picture draw
    Change picture color to 0
F2: Enabled priority draw
    Change priority color to 6
F6: Absolute line
    Arguments: 72, 9f, 74, 9a, 77, 95, 7b, 91, 7f, 8e, 84, 8e, 89, 90, 8d, 94, 90, 9b
F6: Absolute line
    Arguments: 91, 9c, 7c, 90
F0: Enabled picture draw
    Change picture color to 0
F3: Disable priority draw
F5: Draw X corner
    Arguments: 01, 9f, 72
F2: Enabled priority draw
    Change priority color to 6
F7: Relative line
    Arguments: 90, 9c, 40
F0: Enabled picture draw
    Change picture color to 0
F6: Absolute line
    Arguments: 5b, 8f, 5d, 92, 5f, 8c, 62, 88, 64, 84, 68, 82, 6c, 81, 71, 81, 76, 83, 7b, 85, 7f, 87, 85, 8a, 8f, 91, 92, 96, 94, 9b
F0: Enabled picture draw
    Change picture color to 10
F3: Disable priority draw
F6: Absolute line
    Arguments: 6a, 80, 59, 76
F6: Absolute line
    Arguments: 90, 9c, 9e, a4
F0: Enabled picture draw
    Change picture color to 6
F6: Absolute line
    Arguments: 7b, 93, 9d, a6
F6: Absolute line
    Arguments: 67, 82, 59, 79
F5: Draw X corner
    Arguments: 72, a0, 01
F0: Enabled picture draw
    Change picture color to 2
F7: Relative line
    Arguments: 85, 6e, c9, c9, ea, d2, b3, c9, 94, a6, 36, 22
F7: Relative line
    Arguments: 8d, 6d, 42, 46, 35, 17, c7, 95, 93, a2
F0: Enabled picture draw
    Change picture color to 0
F2: Enabled priority draw
    Change priority color to 6
F6: Absolute line
    Arguments: 6f, 9e, 70, 9b, 71, 98, 73, 95, 75, 93, 77, 90, 7a, 8d, 7e, 8b, 82, 8b, 85, 8b
F0: Enabled picture draw
    Change picture color to 7
F2: Enabled priority draw
    Change priority color to 13
F8: Fill
    Arguments: 14, 8c, 58, 88, 57, 7c, 3a, 0f, 59, 0f, 58, 52, 48, 51, 01, 34, 11, 35, 27, 35, 3a, 35, 01, 8f, 06, 87, 15, 8a, 14, 8c, 24, 8a, 25, 89
F0: Enabled picture draw
    Change picture color to 0
F8: Fill
    Arguments: 3c, 0f, 48, 0f, 56, 0f, 08, 32, 1c, 32, 30, 32, 49, 4b
F1: Disable picture draw
F8: Fill
    Arguments: 1e, 53
F0: Enabled picture draw
    Change picture color to 14
F8: Fill
    Arguments: 09, 56
F0: Enabled picture draw
    Change picture color to 1
F8: Fill
    Arguments: 0d, 62, 09, 4f
F0: Enabled picture draw
    Change picture color to 4
F8: Fill
    Arguments: 1e, 62
F0: Enabled picture draw
    Change picture color to 6
F8: Fill
    Arguments: 33, 87
F0: Enabled picture draw
    Change picture color to 2
F8: Fill
    Arguments: 37, 67, 34, 70, 34, 6d, 36, 69, 39, 61, 32, 65, 2d, 6a, 38, 79, 37, 6f, 32, 72, 09, 92, 12, 91, 1c, 91, 2f, 92, 56, 90, 4f, 92, 4f, 6c, 31, 74
F2: Enabled priority draw
    Change priority color to 11
F8: Fill
    Arguments: 70, 37
F0: Enabled picture draw
    Change picture color to 6
F3: Disable priority draw
F8: Fill
    Arguments: 68, 81, 9d, a5
F2: Enabled priority draw
    Change priority color to 6
F8: Fill
    Arguments: 71, 9e
F0: Enabled picture draw
    Change picture color to 6
F8: Fill
    Arguments: 01, 9e
F0: Enabled picture draw
    Change picture color to 0
F8: Fill
    Arguments: 8f, 9a, 8e, 99
F0: Enabled picture draw
    Change picture color to 6
F2: Enabled priority draw
    Change priority color to 11
F8: Fill
    Arguments: 90, 22, 8f, 28, 88, 7e
F0: Enabled picture draw
    Change picture color to 8
F8: Fill
    Arguments: 78, 31, 88, 1a, 73, 34, 77, 3c, 95, 43, 7e, 3c, 8f, 1f, 90, 3f, 8a, 3a, 7f, 1f
F0: Enabled picture draw
    Change picture color to 2
F3: Disable priority draw
F8: Fill
    Arguments: 59, 26, 08, 2f, 91, 91
F0: Enabled picture draw
    Change picture color to 1
F8: Fill
    Arguments: 01, 11, 12, 11, 1f, 11
F0: Enabled picture draw
    Change picture color to 9
F8: Fill
    Arguments: 01, 1d, 13, 1a, 24, 20, 59, 22
F0: Enabled picture draw
    Change picture color to 10
F8: Fill
    Arguments: 8a, 4c, 86, 52, 6b, 80, 9e, a1, 74, 36
F0: Enabled picture draw
    Change picture color to 1
F8: Fill
    Arguments: 01, a6
F2: Enabled priority draw
    Change priority color to 3
F8: Fill
    Arguments: 5d, 90
F1: Disable picture draw
F6: Absolute line
    Arguments: 01, a1, 71, a1, 71, 9f, 71, 9f, 77, 95, 7a, 92, 9f, a7
F8: Fill
    Arguments: 84, a6
F0: Enabled picture draw
    Change picture color to 8
F2: Enabled priority draw
    Change priority color to 13
F5: Draw X corner
    Arguments: 4a, 18, 5d
F5: Draw X corner
    Arguments: 4e, 23, 58
F0: Enabled picture draw
    Change picture color to 0
F3: Disable priority draw
F7: Relative line
    Arguments: 3d, 36, 06, 05, 95, 15, 15, 95, 03, 93, 13, 95, 23, 94, 14, 95, 15, 94, 25, 94, 06, 02
F0: Enabled picture draw
    Change picture color to 8
F7: Relative line
    Arguments: 02, 3a, 31, 59, 0c
F7: Relative line
    Arguments: 0e, 3a, 51, 1b, 09
F7: Relative line
    Arguments: 16, 3a, 51, 1c
F7: Relative line
    Arguments: 1e, 3b, 59, 2a, 0a
F7: Relative line
    Arguments: 28, 3a, 50, 1a, 1b
F7: Relative line
    Arguments: 33, 3b, 50, 2c
F7: Relative line
    Arguments: 04, 42, 10
F7: Relative line
    Arguments: 28, 41, 30, 16
F7: Relative line
    Arguments: 2d, 42, 40, 39, 15, 92
F7: Relative line
    Arguments: 38, 41, 40
F7: Relative line
    Arguments: 0e, 41, 9d
F7: Relative line
    Arguments: 18, 40, 0c, 99
F7: Relative line
    Arguments: 1f, 41, 0e
F7: Relative line
    Arguments: 27, 40, 0c, 1a
F7: Relative line
    Arguments: 30, 40, 0d, 19
F7: Relative line
    Arguments: 3a, 3a, 94, 92
F3: Disable priority draw
F7: Relative line
    Arguments: 24, 49, 21, 13, 93
F3: Disable priority draw
F7: Relative line
    Arguments: 28, 49, 60
F3: Disable priority draw
F7: Relative line
    Arguments: 31, 49, a2, 04
F3: Disable priority draw
F7: Relative line
    Arguments: 3a, 49, a0, 92, 03, 22
F3: Disable priority draw
F7: Relative line
    Arguments: 24, 51, 60, 12, 04
F3: Disable priority draw
F7: Relative line
    Arguments: 2d, 51, 40, 21, 06
F3: Disable priority draw
F7: Relative line
    Arguments: 3c, 51, c0, 92
F3: Disable priority draw
F7: Relative line
    Arguments: 37, 57, 0b
F3: Disable priority draw
F7: Relative line
    Arguments: 18, 49, b9, 97
F3: Disable priority draw
F7: Relative line
    Arguments: 02, 4a, 21, 05, 21
F3: Disable priority draw
F7: Relative line
    Arguments: 18, 51, c0
F3: Disable priority draw
F7: Relative line
    Arguments: 02, 51, 20
F3: Disable priority draw
F7: Relative line
    Arguments: 17, 59, a0, 92, 95
F3: Disable priority draw
F7: Relative line
    Arguments: 25, 59, 19, 12, 05
F3: Disable priority draw
F7: Relative line
    Arguments: 2a, 59, 40, 21, 05
F3: Disable priority draw
F7: Relative line
    Arguments: 32, 59, 40, 21, 05
F0: Enabled picture draw
    Change picture color to 8
F7: Relative line
    Arguments: 01, 58, 11
F7: Relative line
    Arguments: 05, 59, 20
F3: Disable priority draw
F7: Relative line
    Arguments: 03, 5b, 05
F3: Disable priority draw
F7: Relative line
    Arguments: 01, 61, 40
F3: Disable priority draw
F7: Relative line
    Arguments: 09, 61, 90, 92, 04
F3: Disable priority draw
F7: Relative line
    Arguments: 11, 61, 60, 13, 04
F3: Disable priority draw
F7: Relative line
    Arguments: 0e, 64, 13, 12, 30, 02, 03, 12, 30
F3: Disable priority draw
F7: Relative line
    Arguments: 19, 61, 20
F3: Disable priority draw
F7: Relative line
    Arguments: 05, 69, 90, 92, 04, 51
F3: Disable priority draw
F7: Relative line
    Arguments: 08, 69, 50
F3: Disable priority draw
F7: Relative line
    Arguments: 0b, 6b, 11, 03
F3: Disable priority draw
F7: Relative line
    Arguments: 16, 69, 50, 10, 12
F3: Disable priority draw
F7: Relative line
    Arguments: 21, 61, 13, 03
F3: Disable priority draw
F7: Relative line
    Arguments: 24, 61, 60, 12, 04
F3: Disable priority draw
F7: Relative line
    Arguments: 2f, 61, b0
F3: Disable priority draw
F7: Relative line
    Arguments: 34, 61, 12, 03
F3: Disable priority draw
F7: Relative line
    Arguments: 3a, 61, 10
F3: Disable priority draw
F7: Relative line
    Arguments: 39, 6a, 30
F3: Disable priority draw
F7: Relative line
    Arguments: 20, 70, 51, 2b, 0b, aa, c0
F3: Disable priority draw
F7: Relative line
    Arguments: 28, 70, 50, 2a
F3: Disable priority draw
F7: Relative line
    Arguments: 0d, 6f, 12, 49
F3: Disable priority draw
F7: Relative line
    Arguments: 23, 71, 07
F3: Disable priority draw
F7: Relative line
    Arguments: 2a, 72, 06
F3: Disable priority draw
F7: Relative line
    Arguments: 39, 72, 05, 22, 20
F3: Disable priority draw
F7: Relative line
    Arguments: 13, 79, 40, 1b, 0b
F3: Disable priority draw
F7: Relative line
    Arguments: 0c, 79, 20, 1a, 0c
F3: Disable priority draw
F7: Relative line
    Arguments: 02, 79, 30, 1a, 0c
F3: Disable priority draw
F7: Relative line
    Arguments: 15, 7c, 03, 12, 20
F3: Disable priority draw
F7: Relative line
    Arguments: 37, 7a, 04, 22, 40
F3: Disable priority draw
F7: Relative line
    Arguments: 3c, 82, 04, 93, a0
F3: Disable priority draw
F7: Relative line
    Arguments: 38, 10, a1, 05, 01
F3: Disable priority draw
F7: Relative line
    Arguments: 38, 12, 05
F3: Disable priority draw
F7: Relative line
    Arguments: 45, 10, b0
F3: Disable priority draw
F7: Relative line
    Arguments: 3f, 13, 04
F3: Disable priority draw
F7: Relative line
    Arguments: 47, 13, 04
F3: Disable priority draw
F7: Relative line
    Arguments: 4f, 10, 40
F3: Disable priority draw
F7: Relative line
    Arguments: 51, 11, 06
F3: Disable priority draw
F7: Relative line
    Arguments: 58, 11, 06
F3: Disable priority draw
F7: Relative line
    Arguments: 5b, 11, 06
F3: Disable priority draw
F7: Relative line
    Arguments: 5d, 11, 06
F3: Disable priority draw
F6: Absolute line
    Arguments: 5a, 19, 55, 21
F3: Disable priority draw
F6: Absolute line
    Arguments: 54, 19, 51, 22
F3: Disable priority draw
F7: Relative line
    Arguments: 37, 19, 36, 23
F3: Disable priority draw
F6: Absolute line
    Arguments: 3d, 19, 3f, 22
F3: Disable priority draw
F7: Relative line
    Arguments: 3a, 1e, 60
F3: Disable priority draw
F7: Relative line
    Arguments: 48, 1e, 50
F3: Disable priority draw
F7: Relative line
    Arguments: 53, 1e, 60, 10
F0: Enabled picture draw
    Change picture color to 8
F3: Disable priority draw
F7: Relative line
    Arguments: 3c, 24, 03
F3: Disable priority draw
F7: Relative line
    Arguments: 42, 24, 04
F3: Disable priority draw
F7: Relative line
    Arguments: 4a, 24, 06
F3: Disable priority draw
F7: Relative line
    Arguments: 53, 24, 04
F0: Enabled picture draw
    Change picture color to 8
F3: Disable priority draw
F7: Relative line
    Arguments: 56, 24, 03
F0: Enabled picture draw
    Change picture color to 8
F3: Disable priority draw
F7: Relative line
    Arguments: 45, 2a, 30
F3: Disable priority draw
F7: Relative line
    Arguments: 51, 2a, 60
F3: Disable priority draw
F7: Relative line
    Arguments: 45, 2c, 06
F3: Disable priority draw
F7: Relative line
    Arguments: 51, 2c, 02
F3: Disable priority draw
F7: Relative line
    Arguments: 55, 2b, 03
F3: Disable priority draw
F7: Relative line
    Arguments: 55, 30, d0
F3: Disable priority draw
F7: Relative line
    Arguments: 52, 31, 07
F3: Disable priority draw
F7: Relative line
    Arguments: 54, 32, 04
F3: Disable priority draw
F7: Relative line
    Arguments: 54, 3a, b0
F3: Disable priority draw
F7: Relative line
    Arguments: 53, 3b, 05, b9
F3: Disable priority draw
F7: Relative line
    Arguments: 54, 41, 06
F3: Disable priority draw
F7: Relative line
    Arguments: 53, 47, 01, a0
F3: Disable priority draw
F7: Relative line
    Arguments: 53, 49, 06
F3: Disable priority draw
F7: Relative line
    Arguments: 52, 52, 30
F3: Disable priority draw
F7: Relative line
    Arguments: 55, 53, 05
F3: Disable priority draw
F7: Relative line
    Arguments: 53, 59, 06
F3: Disable priority draw
F7: Relative line
    Arguments: 51, 59, c0
F3: Disable priority draw
F7: Relative line
    Arguments: 55, 60, c1, 92, 03, 12, 40, 19, 0d
F3: Disable priority draw
F7: Relative line
    Arguments: 56, 59, 06
F3: Disable priority draw
F7: Relative line
    Arguments: 54, 69, 06, 10
F3: Disable priority draw
F7: Relative line
    Arguments: 40, 89, 50, 30, 0e
F3: Disable priority draw
F7: Relative line
    Arguments: 43, 8a, 04
F3: Disable priority draw
F7: Relative line
    Arguments: 49, 81, d0, c0
F3: Disable priority draw
F7: Relative line
    Arguments: 43, 80, 0d
F3: Disable priority draw
F7: Relative line
    Arguments: 47, 79, e0
F3: Disable priority draw
F7: Relative line
    Arguments: 40, 72, 50, 31, 12, 03
F3: Disable priority draw
F7: Relative line
    Arguments: 4a, 72, 39
F3: Disable priority draw
F7: Relative line
    Arguments: 42, 69, 60, 32, 03
F3: Disable priority draw
F7: Relative line
    Arguments: 43, 6b, 05
F3: Disable priority draw
F7: Relative line
    Arguments: 4d, 68, 39
F3: Disable priority draw
F7: Relative line
    Arguments: 4b, 61, a0, 93, 03
F3: Disable priority draw
F7: Relative line
    Arguments: 45, 61, c0
F3: Disable priority draw
F7: Relative line
    Arguments: 47, 59, 90, a2, 04
F3: Disable priority draw
F7: Relative line
    Arguments: 44, 59, d0
F3: Disable priority draw
F7: Relative line
    Arguments: 45, 52, d0
F3: Disable priority draw
F7: Relative line
    Arguments: 45, 50, 0d, 9a, c0, 90
F3: Disable priority draw
F7: Relative line
    Arguments: 40, 48, 99, 0c
F3: Disable priority draw
F7: Relative line
    Arguments: 3f, 41, 50, 1a, 0d, 99, b0, a1
F3: Disable priority draw
F7: Relative line
    Arguments: 40, 38, 0a
F3: Disable priority draw
F7: Relative line
    Arguments: 3f, 5b, 05
F3: Disable priority draw
F7: Relative line
    Arguments: 3f, 6a, 07
F3: Disable priority draw
F7: Relative line
    Arguments: 40, 74, 04
F3: Disable priority draw
F7: Relative line
    Arguments: 41, 88, 9d
F0: Enabled picture draw
    Change picture color to 13
F3: Disable priority draw
F7: Relative line
    Arguments: 25, 79, 01, 90, 10, 00, 01
F3: Disable priority draw
F7: Relative line
    Arguments: 2d, 7e, 02, 90, 20, 91
F3: Disable priority draw
F7: Relative line
    Arguments: 29, 7e, 91, 20, 91
F3: Disable priority draw
F7: Relative line
    Arguments: 29, 78, 91, 20, 91
F0: Enabled picture draw
    Change picture color to 14
F3: Disable priority draw
F7: Relative line
    Arguments: 27, 7b, 91, 20, 91
F3: Disable priority draw
F7: Relative line
    Arguments: 2c, 7a, 91, 20, 91
F3: Disable priority draw
F7: Relative line
    Arguments: 2b, 82, 91, 20, 91
F3: Disable priority draw
F7: Relative line
    Arguments: 25, 80, 11, 91, 99, 10
F0: Enabled picture draw
    Change picture color to 2
F3: Disable priority draw
F7: Relative line
    Arguments: 25, 7c, 11, 11, 02, 25, 22
F3: Disable priority draw
F7: Relative line
    Arguments: 2b, 7c, 05, 91
F3: Disable priority draw
F7: Relative line
    Arguments: 2c, 84, 92, 01, ab, 0b
F0: Enabled picture draw
    Change picture color to 10
F3: Disable priority draw
F7: Relative line
    Arguments: 08, 7a, a5, 95, 92
F3: Disable priority draw
F7: Relative line
    Arguments: 09, 80, 25, 16
F3: Disable priority draw
F7: Relative line
    Arguments: 09, 88, a3, 94
F3: Disable priority draw
F7: Relative line
    Arguments: 1e, 79, 26, 26
F3: Disable priority draw
F7: Relative line
    Arguments: 1c, 83, c5, 13, 5a
F3: Disable priority draw
F7: Relative line
    Arguments: 28, 8f, 2c, 3a
F3: Disable priority draw
F7: Relative line
    Arguments: 2e, 8f, 2c, 31, 54
F3: Disable priority draw
F7: Relative line
    Arguments: 4f, 79, 05, 23, 17, 14
F0: Enabled picture draw
    Change picture color to 3
F3: Disable priority draw
F7: Relative line
    Arguments: 73, 01, a3, 44, d2, 06, 43, a5, a6, 44, 51, 2f
F3: Disable priority draw
F7: Relative line
    Arguments: 83, 06, 15, 39, 3d, 6b, 54, 27, 51, 1a
F3: Disable priority draw
F7: Relative line
    Arguments: 9e, 14, c5, 47, b6
F0: Enabled picture draw
    Change picture color to 0
F3: Disable priority draw
F7: Relative line
    Arguments: 82, 50, 27, 24, 15, 06
F3: Disable priority draw
F7: Relative line
    Arguments: 88, 6f, 05, 06, 93, 10
F3: Disable priority draw
F7: Relative line
    Arguments: 8a, 58, 04
F3: Disable priority draw
F7: Relative line
    Arguments: 89, 5b, 09, 20, 09
F0: Enabled picture draw
    Change picture color to 0
F6: Absolute line
    Arguments: 5d, 92, 6f, 9e
F6: Absolute line
    Arguments: 60, 8c, 71, 98
F6: Absolute line
    Arguments: 63, 87, 75, 93
F6: Absolute line
    Arguments: 67, 83, 79, 8e
F6: Absolute line
    Arguments: 6f, 82, 7f, 8b
F7: Relative line
    Arguments: 72, 9b
F7: Relative line
    Arguments: 74, 97
F7: Relative line
    Arguments: 77, 92
F7: Relative line
    Arguments: 7b, 8f
F7: Relative line
    Arguments: 80, 8d
F7: Relative line
    Arguments: 86, 8d
F7: Relative line
    Arguments: 8e, 93
F7: Relative line
    Arguments: 91, 99
F0: Enabled picture draw
    Change picture color to 14
F3: Disable priority draw
F7: Relative line
    Arguments: 26, 85
F3: Disable priority draw
F7: Relative line
    Arguments: 27, 87
F3: Disable priority draw
F7: Relative line
    Arguments: 28, 85
F3: Disable priority draw
F7: Relative line
    Arguments: 29, 87
F3: Disable priority draw
F7: Relative line
    Arguments: 28, 89
F3: Disable priority draw
F7: Relative line
    Arguments: 26, 8b
F3: Disable priority draw
F7: Relative line
    Arguments: 28, 8b
F3: Disable priority draw
F7: Relative line
    Arguments: 2f, 83, 91, 20, 91
F3: Disable priority draw
F7: Relative line
    Arguments: 2d, 86, 11, 91, 99
F0: Enabled picture draw
    Change picture color to 8
F3: Disable priority draw
F7: Relative line
    Arguments: 2c, 79, 10
F3: Disable priority draw
F7: Relative line
    Arguments: 31, 79, 20
F3: Disable priority draw
F7: Relative line
    Arguments: 30, 7a, 05, 21
F3: Disable priority draw
F7: Relative line
    Arguments: 2e, 72, 20
F2: Enabled priority draw
    Change priority color to 0
F1: Disable picture draw
F6: Absolute line
    Arguments: 59, 8c, 3a, 77
F4: Draw Y corner
    Arguments: 3a, 77, 46, 01
F4: Draw Y corner
    Arguments: 58, 8d, 79, 3c
F0: Enabled picture draw
    Change picture color to 6
F2: Enabled priority draw
    Change priority color to 13
F4: Draw Y corner
    Arguments: 04, 28, 09
F4: Draw Y corner
    Arguments: 13, 27, 08
F4: Draw Y corner
    Arguments: 22, 32, 09
F2: Enabled priority draw
    Change priority color to 0
F1: Disable picture draw
F2: Enabled priority draw
    Change priority color to 1
F1: Disable picture draw
F4: Draw Y corner
    Arguments: 12, a6, a0, 8c, a6
F2: Enabled priority draw
    Change priority color to 0
F5: Draw X corner
    Arguments: 8d, 9c, 94
F7: Relative line
    Arguments: 85, 7e, 21, 10, 5a, 0d, e0, a0, 05
F6: Absolute line
    Arguments: 01, 90, 05, 90, 08, 93, 0e, 92, 18, 92, 37, 92, 3b, 90, 43, 90, 45, 91, 4b, 91, 4d, 93, 50, 93, 54, 91
F6: Absolute line
    Arguments: 54, 91, 5a, 91, 5a, 8e, 57, 8b
F4: Draw Y corner
    Arguments: 04, 75, 91, 08, 75, 0c, 92, 10, 75, 14, 91
F2: Enabled priority draw
    Change priority color to 2
F2: Enabled priority draw
    Change priority color to 0
F6: Absolute line
    Arguments: 5d, 91
F2: Enabled priority draw
    Change priority color to 3
F2: Enabled priority draw
    Change priority color to 2
F6: Absolute line
    Arguments: 7a, 92, 7e, 8e, 85, 8e, 88, 90, 8c, 94, 8f, 98, 8f, 9c
F2: Enabled priority draw
    Change priority color to 0
F2: Enabled priority draw
    Change priority color to 1
F6: Absolute line
    Arguments: 9f, a2, 95, 9a, 86, 8b, 7a, 8b, 6c, a0
F6: Absolute line
    Arguments: 5a, 91, 5d, 91, 69, 81, 57, 79
F2: Enabled priority draw
    Change priority color to 0
F6: Absolute line
    Arguments: 00, 76, 00, 90
F2: Enabled priority draw
    Change priority color to 3
F6: Absolute line
    Arguments: 00, a1, 73, a1
F6: Absolute line
    Arguments: 8c, a7, 8c, a0, 12, a0, 12, a7
F2: Enabled priority draw
    Change priority color to 1
F6: Absolute line
    Arguments: 00, 9f, 72, 9f
F2: Enabled priority draw
    Change priority color to 0
F6: Absolute line
    Arguments: 9f, a7, 9f, a7, 9f, 98, 94, 9c, 9b, a7, 9f, a7
F2: Enabled priority draw
    Change priority color to 3
F6: Absolute line
    Arguments: 60, 8b, 60, 8b, 5f, 8b
FF: End of file
